<?xml version="1.0" encoding="UTF-8"?>
<testsuite xmlns:xsi="http://www.w3.org/2001/XMLSchema-instance" xsi:noNamespaceSchemaLocation="https://maven.apache.org/surefire/maven-surefire-plugin/xsd/surefire-test-report-3.0.xsd" version="3.0" name="com.klindziuk.flux.springdoc.SpringdocApplicationTests" time="3.398" tests="1" errors="0" skipped="0" failures="0">
  <properties>
[...]
</properties>
  <testcase name="contextLoads" classname="com.klindziuk.flux.springdoc.SpringdocApplicationTests" time="0.787">
    <system-out><![CDATA[08:53:37.376 [main] INFO org.springframework.test.context.support.AnnotationConfigContextLoaderUtils -- Could not detect default configuration classes for test class [com.klindziuk.flux.springdoc.SpringdocApplicationTests]: SpringdocApplicationTests does not declare any static, non-private, non-final, nested classes annotated with @Configuration.
08:53:37.537 [main] INFO org.springframework.boot.test.context.SpringBootTestContextBootstrapper -- Found @SpringBootConfiguration com.klindziuk.flux.springdoc.SpringdocApplication for test class com.klindziuk.flux.springdoc.SpringdocApplicationTests

  .   ____          _            __ _ _
 /\\ / ___'_ __ _ _(_)_ __  __ _ \ \ \ \
( ( )\___ | '_ | '_| | '_ \/ _` | \ \ \ \
 \\/  ___)| |_)| | | | | || (_| |  ) ) ) )
  '  |____| .__|_| |_|_| |_\__, | / / / /
 =========|_|==============|___/=/_/_/_/
 :: Spring Boot ::                (v3.1.5)

2023-11-30T08:53:37.925-03:00  INFO 26091 --- [           main] c.k.f.s.SpringdocApplicationTests        : Starting SpringdocApplicationTests using Java 17.0.8.1 with PID 26091 (started by raman01 in /home/raman01/JAVA BOOTCAMP/EXAMPLES/CLASE-11/spring-doc-webflux-master)
2023-11-30T08:53:37.926-03:00  INFO 26091 --- [           main] c.k.f.s.SpringdocApplicationTests        : No active profile set, falling back to 1 default profile: "default"
2023-11-30T08:53:38.552-03:00  INFO 26091 --- [           main] .s.d.r.c.RepositoryConfigurationDelegate : Bootstrapping Spring Data R2DBC repositories in DEFAULT mode.
2023-11-30T08:53:38.656-03:00  INFO 26091 --- [           main] .s.d.r.c.RepositoryConfigurationDelegate : Finished Spring Data repository scanning in 100 ms. Found 1 R2DBC repository interfaces.
2023-11-30T08:53:39.809-03:00  INFO 26091 --- [           main] c.k.f.s.SpringdocApplicationTests        : Started SpringdocApplicationTests in 2.12 seconds (process running for 3.052)
]]></system-out>
  </testcase>
</testsuite>